# JRE version: OpenJDK Runtime Environment (17.0.6) (build 17.0.6+0-b2043.56-9586694)
# Java VM: OpenJDK 64-Bit Server VM (17.0.6+0-b2043.56-9586694, mixed mode, tiered, compressed oops, compressed class ptrs, g1 gc, windows-amd64)
GC Precious Log:
 CPUs: 8 total, 8 available
 Memory: 8172M
 Large Page Support: Disabled
 NUMA Support: Disabled
 Compressed Oops: Enabled (32-bit)
 Heap Region Size: 1M
 Heap Min Capacity: 8M
 Heap Initial Capacity: 128M
 Heap Max Capacity: 2G
 Pre-touch: Disabled
 Parallel Workers: 8
 Concurrent Workers: 2
 Concurrent Refinement Workers: 8
 Periodic GC: Disabled
Heap:
 garbage-first heap   total 324608K, used 124437K [0x0000000080000000, 0x0000000100000000)
  region size 1024K, 31 young (31744K), 8 survivors (8192K)
 Metaspace       used 154866K, committed 157056K, reserved 1187840K
  class space    used 19898K, committed 20800K, reserved 1048576K
GC Heap History (20 events):
Event: 884.311 GC heap before
{Heap before GC invocations=56 (full 0):
 garbage-first heap   total 708608K, used 576070K [0x0000000080000000, 0x0000000100000000)
  region size 1024K, 260 young (266240K), 14 survivors (14336K)
 Metaspace       used 151287K, committed 152320K, reserved 1187840K
  class space    used 19671K, committed 20160K, reserved 1048576K
}
Event: 884.336 GC heap after
{Heap after GC invocations=57 (full 0):
 garbage-first heap   total 708608K, used 309296K [0x0000000080000000, 0x0000000100000000)
  region size 1024K, 11 young (11264K), 11 survivors (11264K)
 Metaspace       used 151287K, committed 152320K, reserved 1187840K
  class space    used 19671K, committed 20160K, reserved 1048576K
}
Event: 1580.323 GC heap before
{Heap before GC invocations=57 (full 0):
 garbage-first heap   total 708608K, used 587824K [0x0000000080000000, 0x0000000100000000)
  region size 1024K, 268 young (274432K), 11 survivors (11264K)
 Metaspace       used 151966K, committed 152960K, reserved 1187840K
  class space    used 19673K, committed 20160K, reserved 1048576K
}
Event: 1580.370 GC heap after
{Heap after GC invocations=58 (full 0):
 garbage-first heap   total 708608K, used 300773K [0x0000000080000000, 0x0000000100000000)
  region size 1024K, 3 young (3072K), 3 survivors (3072K)
 Metaspace       used 151966K, committed 152960K, reserved 1187840K
  class space    used 19673K, committed 20160K, reserved 1048576K
}
Event: 1658.991 GC heap before
{Heap before GC invocations=58 (full 0):
 garbage-first heap   total 708608K, used 613093K [0x0000000080000000, 0x0000000100000000)
  region size 1024K, 280 young (286720K), 3 survivors (3072K)
 Metaspace       used 152901K, committed 153984K, reserved 1187840K
  class space    used 19727K, committed 20224K, reserved 1048576K
}
Event: 1659.013 GC heap after
{Heap after GC invocations=59 (full 0):
 garbage-first heap   total 708608K, used 312559K [0x0000000080000000, 0x0000000100000000)
  region size 1024K, 14 young (14336K), 14 survivors (14336K)
 Metaspace       used 152901K, committed 153984K, reserved 1187840K
  class space    used 19727K, committed 20224K, reserved 1048576K
}
Event: 1683.310 GC heap before
{Heap before GC invocations=59 (full 0):
 garbage-first heap   total 708608K, used 629999K [0x0000000080000000, 0x0000000100000000)
  region size 1024K, 282 young (288768K), 14 survivors (14336K)
 Metaspace       used 153231K, committed 154240K, reserved 1187840K
  class space    used 19738K, committed 20224K, reserved 1048576K
}
Event: 1683.327 GC heap after
{Heap after GC invocations=60 (full 0):
 garbage-first heap   total 708608K, used 314607K [0x0000000080000000, 0x0000000100000000)
  region size 1024K, 16 young (16384K), 16 survivors (16384K)
 Metaspace       used 153231K, committed 154240K, reserved 1187840K
  class space    used 19738K, committed 20224K, reserved 1048576K
}
Event: 1698.830 GC heap before
{Heap before GC invocations=60 (full 0):
 garbage-first heap   total 708608K, used 627951K [0x0000000080000000, 0x0000000100000000)
  region size 1024K, 282 young (288768K), 16 survivors (16384K)
 Metaspace       used 153642K, committed 154752K, reserved 1187840K
  class space    used 19773K, committed 20288K, reserved 1048576K
}
Event: 1698.845 GC heap after
{Heap after GC invocations=61 (full 0):
 garbage-first heap   total 708608K, used 311892K [0x0000000080000000, 0x0000000100000000)
  region size 1024K, 14 young (14336K), 14 survivors (14336K)
 Metaspace       used 153642K, committed 154752K, reserved 1187840K
  class space    used 19773K, committed 20288K, reserved 1048576K
}
Event: 1729.392 GC heap before
{Heap before GC invocations=61 (full 0):
 garbage-first heap   total 708608K, used 629332K [0x0000000080000000, 0x0000000100000000)
  region size 1024K, 284 young (290816K), 14 survivors (14336K)
 Metaspace       used 154852K, committed 156288K, reserved 1187840K
  class space    used 20002K, committed 20672K, reserved 1048576K
}
Event: 1729.411 GC heap after
{Heap after GC invocations=62 (full 0):
 garbage-first heap   total 708608K, used 312501K [0x0000000080000000, 0x0000000100000000)
  region size 1024K, 14 young (14336K), 14 survivors (14336K)
 Metaspace       used 154852K, committed 156288K, reserved 1187840K
  class space    used 20002K, committed 20672K, reserved 1048576K
}
Event: 1874.197 GC heap before
{Heap before GC invocations=62 (full 0):
 garbage-first heap   total 708608K, used 644277K [0x0000000080000000, 0x0000000100000000)
  region size 1024K, 284 young (290816K), 14 survivors (14336K)
 Metaspace       used 155235K, committed 156800K, reserved 1187840K
  class space    used 20043K, committed 20800K, reserved 1048576K
}
Event: 1874.204 GC heap after
{Heap after GC invocations=63 (full 0):
 garbage-first heap   total 708608K, used 303993K [0x0000000080000000, 0x0000000100000000)
  region size 1024K, 6 young (6144K), 6 survivors (6144K)
 Metaspace       used 155235K, committed 156800K, reserved 1187840K
  class space    used 20043K, committed 20800K, reserved 1048576K
}
Event: 1917.488 GC heap before
{Heap before GC invocations=63 (full 0):
 garbage-first heap   total 708608K, used 637817K [0x0000000080000000, 0x0000000100000000)
  region size 1024K, 292 young (299008K), 6 survivors (6144K)
 Metaspace       used 155537K, committed 157120K, reserved 1187840K
  class space    used 20046K, committed 20800K, reserved 1048576K
}
Event: 1917.501 GC heap after
{Heap after GC invocations=64 (full 0):
 garbage-first heap   total 708608K, used 307602K [0x0000000080000000, 0x0000000100000000)
  region size 1024K, 10 young (10240K), 10 survivors (10240K)
 Metaspace       used 155537K, committed 157120K, reserved 1187840K
  class space    used 20046K, committed 20800K, reserved 1048576K
}
Event: 3699.806 GC heap before
{Heap before GC invocations=64 (full 0):
 garbage-first heap   total 708608K, used 372114K [0x0000000080000000, 0x0000000100000000)
  region size 1024K, 75 young (76800K), 10 survivors (10240K)
 Metaspace       used 155614K, committed 157184K, reserved 1187840K
  class space    used 20046K, committed 20800K, reserved 1048576K
}
Event: 3701.560 GC heap after
{Heap after GC invocations=65 (full 1):
 garbage-first heap   total 324608K, used 92887K [0x0000000080000000, 0x0000000100000000)
  region size 1024K, 0 young (0K), 0 survivors (0K)
 Metaspace       used 155074K, committed 157056K, reserved 1187840K
  class space    used 19963K, committed 20800K, reserved 1048576K
}
Event: 5488.503 GC heap before
{Heap before GC invocations=65 (full 1):
 garbage-first heap   total 324608K, used 259799K [0x0000000080000000, 0x0000000100000000)
  region size 1024K, 165 young (168960K), 0 survivors (0K)
 Metaspace       used 155227K, committed 157056K, reserved 1187840K
  class space    used 19963K, committed 20800K, reserved 1048576K
}
Event: 5488.569 GC heap after
{Heap after GC invocations=66 (full 1):
 garbage-first heap   total 324608K, used 100885K [0x0000000080000000, 0x0000000100000000)
  region size 1024K, 8 young (8192K), 8 survivors (8192K)
 Metaspace       used 155227K, committed 157056K, reserved 1187840K
  class space    used 19963K, committed 20800K, reserved 1048576K
}

